<?xml version="1.0" encoding="UTF-8"?>
<!-- Generated by org.testng.reporters.JUnitReportReporter -->
<testsuite hostname="MAVBCP3509" failures="0" tests="1" name="com.selenium.examples.Examples" time="28.828" errors="0" timestamp="2021-10-06T14:33:14 IST" skipped="0">
  <testcase classname="com.selenium.examples.Examples" name="Example1" time="28.828"/>
  <system-out/>
</testsuite> <!-- com.selenium.examples.Examples -->
