<?xml version="1.0" encoding="UTF-8"?>
<!-- Generated by org.testng.reporters.JUnitReportReporter -->
<testsuite hostname="MAVBCP3509" failures="0" tests="4" name="com.selenium.examples.ParallelTest" time="10.612" errors="0" timestamp="2021-10-07T16:13:27 IST" skipped="0">
  <testcase classname="com.selenium.examples.ParallelTest" name="login_TestCase" time="3.665"/>
  <system-out/>
  <testcase classname="com.selenium.examples.ParallelTest" name="search_TestCase" time="1.693"/>
  <system-out/>
  <testcase classname="com.selenium.examples.ParallelTest" name="search_TestCase" time="1.227"/>
  <system-out/>
  <testcase classname="com.selenium.examples.ParallelTest" name="login_TestCase" time="4.027"/>
  <system-out/>
</testsuite> <!-- com.selenium.examples.ParallelTest -->
