<?xml version="1.0" encoding="UTF-8"?>
<!-- Generated by org.testng.reporters.JUnitReportReporter -->
<testsuite hostname="MAVBCP3509" failures="0" tests="1" name="com.selenium.examples.WaitTest" time="54.578" errors="0" timestamp="2021-10-07T15:01:56 IST" skipped="0">
  <testcase classname="com.selenium.examples.WaitTest" name="testUntitled" time="54.578"/>
  <system-out/>
</testsuite> <!-- com.selenium.examples.WaitTest -->
