<?xml version="1.0" encoding="UTF-8"?>
<!-- Generated by org.testng.reporters.JUnitReportReporter -->
<testsuite hostname="MAVBCP3509" failures="0" tests="2" name="com.selenium.examples.CrossBrowserScript" time="39.523" errors="0" timestamp="2021-10-07T15:30:54 IST" skipped="0">
  <testcase classname="com.selenium.examples.CrossBrowserScript" name="testParameterWithXML" time="19.891"/>
  <system-out/>
  <testcase classname="com.selenium.examples.CrossBrowserScript" name="testParameterWithXML" time="19.632"/>
  <system-out/>
</testsuite> <!-- com.selenium.examples.CrossBrowserScript -->
