<?xml version="1.0" encoding="UTF-8"?>
<!-- Generated by org.testng.reporters.JUnitReportReporter -->
<testsuite hostname="MAVBCP3509" failures="0" tests="1" name="com.selenium.examples.robotExample" time="33.225" errors="0" timestamp="2021-10-08T10:47:09 IST" skipped="0">
  <testcase classname="com.selenium.examples.robotExample" name="robotmthd" time="33.225"/>
  <system-out/>
</testsuite> <!-- com.selenium.examples.robotExample -->
