<?xml version="1.0" encoding="UTF-8"?>
<!-- Generated by org.testng.reporters.JUnitReportReporter -->
<testsuite hostname="MAVBCP3509" failures="0" tests="1" name="com.selenium.examples.MultipleWindowsHandle" time="12.793" errors="0" timestamp="2021-10-07T09:33:27 IST" skipped="0">
  <testcase classname="com.selenium.examples.MultipleWindowsHandle" name="MwdMthd" time="12.793"/>
  <system-out/>
</testsuite> <!-- com.selenium.examples.MultipleWindowsHandle -->
