<?xml version="1.0" encoding="UTF-8"?>
<!-- Generated by org.testng.reporters.JUnitReportReporter -->
<testsuite hostname="MAVBCP3509" failures="0" tests="1" name="com.selenium.examples.robotEx" time="51.824" errors="0" timestamp="2021-10-08T11:01:45 IST" skipped="0">
  <testcase classname="com.selenium.examples.robotEx" name="exmthd" time="51.824"/>
  <system-out/>
</testsuite> <!-- com.selenium.examples.robotEx -->
