<?xml version="1.0" encoding="UTF-8"?>
<!-- Generated by org.testng.reporters.JUnitReportReporter -->
<testsuite hostname="MAVBCP3509" failures="0" tests="1" name="com.selenium.examples.JavaScriptExample" time="24.721" errors="0" timestamp="2021-10-08T14:27:42 IST" skipped="0">
  <testcase classname="com.selenium.examples.JavaScriptExample" name="logintest" time="24.721"/>
  <system-out/>
</testsuite> <!-- com.selenium.examples.JavaScriptExample -->
