<?xml version="1.0" encoding="UTF-8"?>
<!-- Generated by org.testng.reporters.JUnitReportReporter -->
<testsuite hostname="MAVBCP3509" failures="0" tests="1" name="com.selenium.examples.LoginExample" time="32.061" errors="0" timestamp="2021-10-06T10:34:28 IST" skipped="0">
  <testcase classname="com.selenium.examples.LoginExample" name="logintest" time="32.061"/>
  <system-out/>
</testsuite> <!-- com.selenium.examples.LoginExample -->
