<?xml version="1.0" encoding="UTF-8"?>
<!-- Generated by org.testng.reporters.JUnitReportReporter -->
<testsuite hostname="MAVBCP3509" failures="0" tests="1" name="com.selenium.examples.IndividualTask" time="51.518" errors="0" timestamp="2021-10-11T11:52:22 IST" skipped="0">
  <testcase classname="com.selenium.examples.IndividualTask" name="logintest" time="51.518"/>
  <system-out/>
</testsuite> <!-- com.selenium.examples.IndividualTask -->
