<?xml version="1.0" encoding="UTF-8"?>
<!-- Generated by org.testng.reporters.JUnitReportReporter -->
<testsuite hostname="MAVBCP3509" failures="0" tests="2" name="com.selenium.examples.RecorderScript" time="46.073" errors="0" timestamp="2021-10-08T11:42:16 IST" skipped="0">
  <testcase classname="com.selenium.examples.RecorderScript" name="testParameterWithXML" time="21.485"/>
  <system-out/>
  <testcase classname="com.selenium.examples.RecorderScript" name="testParameterWithXML" time="24.588"/>
  <system-out/>
</testsuite> <!-- com.selenium.examples.RecorderScript -->
