<?xml version="1.0" encoding="UTF-8"?>
<!-- Generated by org.testng.reporters.JUnitReportReporter -->
<testsuite hostname="MAVBCP3509" failures="0" tests="2" name="com.selenium.examples.Orange" time="17.204" errors="0" timestamp="2021-10-06T16:06:23 IST" skipped="0">
  <testcase classname="com.selenium.examples.Orange" name="Screenshot" time="0.323"/>
  <system-out/>
  <testcase classname="com.selenium.examples.Orange" name="ValidLogin" time="16.881"/>
  <system-out/>
</testsuite> <!-- com.selenium.examples.Orange -->
