<?xml version="1.0" encoding="UTF-8"?>
<!-- Generated by org.testng.reporters.JUnitReportReporter -->
<testsuite hostname="MAVBCP3509" failures="0" tests="1" name="com.selenium.examples.MaxFromtable" time="40.704" errors="0" timestamp="2021-10-06T18:32:07 IST" skipped="0">
  <testcase classname="com.selenium.examples.MaxFromtable" name="MaxExample" time="40.704"/>
  <system-out/>
</testsuite> <!-- com.selenium.examples.MaxFromtable -->
