<?xml version="1.0" encoding="UTF-8"?>
<!-- Generated by org.testng.reporters.JUnitReportReporter -->
<testsuite hostname="MAVBCP3509" failures="0" tests="1" name="com.selenium.examples.AlertDemo" time="14.500" errors="0" timestamp="2021-10-07T09:19:14 IST" skipped="0">
  <testcase classname="com.selenium.examples.AlertDemo" name="Demomthd" time="14.500"/>
  <system-out/>
</testsuite> <!-- com.selenium.examples.AlertDemo -->
