<?xml version="1.0" encoding="UTF-8"?>
<!-- Generated by org.testng.reporters.JUnitReportReporter -->
<testsuite hostname="MAVBCP3509" failures="0" tests="1" name="com.selenium.examples.VerifyWordpressLogin" time="22.997" errors="0" timestamp="2021-10-07T12:12:46 IST" skipped="0">
  <testcase classname="com.selenium.examples.VerifyWordpressLogin" name="verifyValidLogin" time="22.997"/>
  <system-out/>
</testsuite> <!-- com.selenium.examples.VerifyWordpressLogin -->
