<?xml version="1.0" encoding="UTF-8"?>
<!-- Generated by org.testng.reporters.JUnitReportReporter -->
<testsuite hostname="MAVBCP3509" failures="0" tests="1" name="com.selenium.examples.WaitTest" time="0.000" errors="0" timestamp="2021-10-14T09:39:24 IST" skipped="1">
  <testcase classname="com.selenium.examples.WaitTest" name="testUntitled" time="0.000">
    <skipped/>
  </testcase> <!-- testUntitled -->
  <system-out/>
</testsuite> <!-- com.selenium.examples.WaitTest -->
